<?xml version="1.0" encoding="UTF-8"?>
<testng-results ignored="0" total="1" passed="1" failed="0" skipped="0">
  <reporter-output>
  </reporter-output>
  <suite started-at="2023-01-18T16:42:14 IST" name="Suite" finished-at="2023-01-18T16:42:31 IST" duration-ms="16722">
    <groups>
    </groups>
    <test started-at="2023-01-18T16:42:14 IST" name="Test" finished-at="2023-01-18T16:42:31 IST" duration-ms="16722">
      <class name="com.test.Homepage">
        <test-method is-config="true" signature="browserOpen()[pri:0, instance:com.test.Homepage@3e2e18f2]" started-at="2023-01-18T16:42:14 IST" name="browserOpen" finished-at="2023-01-18T16:42:21 IST" duration-ms="7131" status="PASS">
          <reporter-output>
          </reporter-output>
        </test-method> <!-- browserOpen -->
        <test-method signature="homePage()[pri:0, instance:com.test.Homepage@3e2e18f2]" started-at="2023-01-18T16:42:21 IST" name="homePage" finished-at="2023-01-18T16:42:30 IST" duration-ms="9214" status="PASS">
          <reporter-output>
          </reporter-output>
        </test-method> <!-- homePage -->
        <test-method is-config="true" signature="browserClose()[pri:0, instance:com.test.Homepage@3e2e18f2]" started-at="2023-01-18T16:42:30 IST" name="browserClose" finished-at="2023-01-18T16:42:31 IST" duration-ms="297" status="PASS">
          <reporter-output>
          </reporter-output>
        </test-method> <!-- browserClose -->
      </class> <!-- com.test.Homepage -->
    </test> <!-- Test -->
  </suite> <!-- Suite -->
</testng-results>
